TN:
SF:src\app\app.js
FN:10,(anonymous_0)
FN:11,(anonymous_1)
FN:40,(anonymous_2)
FN:50,(anonymous_3)
FNF:4
FNH:2
FNDA:0,(anonymous_0)
FNDA:1,(anonymous_1)
FNDA:0,(anonymous_2)
FNDA:1,(anonymous_3)
DA:1,1
DA:2,1
DA:3,1
DA:4,1
DA:5,1
DA:6,1
DA:8,1
DA:9,1
DA:10,1
DA:11,1
DA:13,1
DA:14,1
DA:16,1
DA:17,1
DA:19,1
DA:20,1
DA:22,1
DA:23,1
DA:25,1
DA:26,1
DA:28,1
DA:29,1
DA:31,1
DA:32,1
DA:34,1
DA:35,1
DA:37,1
DA:38,1
DA:40,1
DA:41,0
DA:42,0
DA:43,0
DA:44,0
DA:45,0
DA:46,0
DA:47,0
DA:50,1
DA:52,1
LF:38
LH:31
BRF:0
BRH:0
end_of_record
TN:
SF:src\model\wka.js
FNF:0
FNH:0
DA:1,1
DA:3,1
DA:33,1
LF:3
LH:3
BRF:0
BRH:0
end_of_record
TN:
SF:src\routes\coordinates.js
FN:5,(anonymous_0)
FNF:1
FNH:1
FNDA:2,(anonymous_0)
DA:1,1
DA:2,1
DA:3,1
DA:5,1
DA:6,2
DA:7,2
DA:10,1
LF:7
LH:7
BRF:0
BRH:0
end_of_record
TN:
SF:src\routes\count.js
FN:5,(anonymous_0)
FNF:1
FNH:1
FNDA:1,(anonymous_0)
DA:1,1
DA:2,1
DA:3,1
DA:5,1
DA:6,1
DA:7,1
DA:8,1
DA:10,0
DA:14,1
LF:9
LH:8
BRF:0
BRH:0
end_of_record
TN:
SF:src\routes\dataFilter.js
FN:92,choice
FN:106,(anonymous_1)
FN:117,choice2
FN:138,(anonymous_3)
FN:149,choice3
FN:162,(anonymous_5)
FN:173,choice4
FN:192,(anonymous_7)
FN:203,getFilter
FNF:9
FNH:9
FNDA:6,choice
FNDA:6,(anonymous_1)
FNDA:2,choice2
FNDA:2,(anonymous_3)
FNDA:2,choice3
FNDA:2,(anonymous_5)
FNDA:2,choice4
FNDA:2,(anonymous_7)
FNDA:12,getFilter
DA:1,1
DA:3,1
DA:7,1
DA:17,1
DA:25,1
DA:39,1
DA:51,1
DA:59,1
DA:68,1
DA:83,1
DA:93,6
DA:107,6
DA:108,0
DA:110,6
DA:114,6
DA:118,2
DA:139,2
DA:140,0
DA:142,2
DA:146,2
DA:150,2
DA:163,2
DA:164,0
DA:166,2
DA:170,2
DA:174,2
DA:193,2
DA:194,0
DA:196,2
DA:200,2
DA:204,12
DA:205,12
DA:206,12
DA:207,12
DA:208,12
DA:210,12
DA:211,12
DA:213,12
DA:214,8
DA:216,12
DA:217,6
DA:220,12
DA:221,12
DA:222,12
DA:223,12
DA:225,12
DA:226,12
DA:227,12
DA:228,12
DA:231,12
DA:232,12
DA:233,2
DA:234,10
DA:235,2
DA:236,8
DA:237,2
DA:238,6
DA:239,2
DA:240,4
DA:241,2
DA:242,2
DA:243,2
DA:245,12
DA:246,12
DA:248,0
DA:252,1
LF:66
LH:61
BRDA:107,0,0,0
BRDA:107,0,1,6
BRDA:139,1,0,0
BRDA:139,1,1,2
BRDA:163,2,0,0
BRDA:163,2,1,2
BRDA:193,3,0,0
BRDA:193,3,1,2
BRDA:213,4,0,8
BRDA:213,4,1,4
BRDA:216,5,0,6
BRDA:216,5,1,6
BRDA:232,6,0,2
BRDA:232,6,1,10
BRDA:234,7,0,2
BRDA:234,7,1,8
BRDA:236,8,0,2
BRDA:236,8,1,6
BRDA:238,9,0,2
BRDA:238,9,1,4
BRDA:240,10,0,2
BRDA:240,10,1,2
BRDA:242,11,0,2
BRDA:242,11,1,0
BRF:24
BRH:19
end_of_record
TN:
SF:src\routes\getById.js
FN:44,(anonymous_0)
FN:55,(anonymous_1)
FNF:2
FNH:2
FNDA:1,(anonymous_0)
FNDA:1,(anonymous_1)
DA:1,1
DA:2,1
DA:3,1
DA:5,1
DA:11,1
DA:44,1
DA:45,1
DA:46,1
DA:48,1
DA:56,1
DA:57,0
DA:59,1
DA:63,1
DA:66,1
LF:14
LH:13
BRDA:56,0,0,0
BRDA:56,0,1,1
BRF:2
BRH:1
end_of_record
TN:
SF:src\routes\graph1.js
FN:27,validation
FN:61,getTotalPower
FN:77,(anonymous_2)
FN:88,(anonymous_3)
FN:150,(anonymous_4)
FNF:5
FNH:5
FNDA:2,validation
FNDA:2,getTotalPower
FNDA:2,(anonymous_2)
FNDA:2,(anonymous_3)
FNDA:617,(anonymous_4)
DA:1,1
DA:2,1
DA:3,1
DA:4,1
DA:6,1
DA:31,2
DA:32,1
DA:33,1
DA:35,1
DA:36,1
DA:39,0
DA:43,0
DA:45,0
DA:46,0
DA:49,0
DA:54,1
DA:55,1
DA:58,2
DA:62,2
DA:78,2
DA:79,0
DA:81,2
DA:85,2
DA:88,1
DA:91,2
DA:92,2
DA:93,2
DA:95,2
DA:96,2
DA:97,2
DA:99,2
DA:100,2
DA:101,2
DA:103,2
DA:104,2
DA:105,2
DA:106,2
DA:107,2
DA:109,2
DA:110,2
DA:112,0
DA:115,2
DA:116,2
DA:118,2
DA:119,872
DA:120,734
DA:121,734
DA:124,872
DA:125,652
DA:127,652
DA:128,1
DA:131,652
DA:132,289
DA:133,289
DA:137,220
DA:139,220
DA:140,1
DA:143,220
DA:144,63
DA:145,63
DA:150,617
DA:151,2
DA:154,1
LF:63
LH:56
BRDA:31,0,0,1
BRDA:31,0,1,1
BRDA:32,1,0,1
BRDA:32,1,1,0
BRDA:35,2,0,1
BRDA:35,2,1,0
BRDA:45,3,0,0
BRDA:45,3,1,0
BRDA:78,4,0,0
BRDA:78,4,1,2
BRDA:119,5,0,734
BRDA:119,5,1,138
BRDA:124,6,0,652
BRDA:124,6,1,220
BRDA:127,7,0,1
BRDA:127,7,1,651
BRDA:131,8,0,289
BRDA:131,8,1,363
BRDA:139,9,0,1
BRDA:139,9,1,219
BRDA:143,10,0,63
BRDA:143,10,1,157
BRF:22
BRH:17
end_of_record
TN:
SF:src\routes\graph2.js
FN:5,makeArray
FN:29,(anonymous_1)
FN:49,(anonymous_2)
FNF:3
FNH:3
FNDA:2,makeArray
FNDA:2,(anonymous_1)
FNDA:6007,(anonymous_2)
DA:1,1
DA:2,1
DA:3,1
DA:6,2
DA:8,2
DA:9,860
DA:10,859
DA:11,859
DA:14,1
DA:15,1
DA:18,860
DA:19,108
DA:20,108
DA:22,752
DA:26,2
DA:29,1
DA:30,2
DA:32,2
DA:33,2
DA:34,872
DA:35,218
DA:36,218
DA:39,872
DA:40,112
DA:41,112
DA:44,872
DA:45,860
DA:49,6007
DA:51,2
DA:54,1
LF:30
LH:30
BRDA:9,0,0,859
BRDA:9,0,1,1
BRDA:18,1,0,108
BRDA:18,1,1,752
BRDA:18,2,0,860
BRDA:18,2,1,809
BRDA:34,3,0,218
BRDA:34,3,1,654
BRDA:39,4,0,112
BRDA:39,4,1,760
BRDA:44,5,0,860
BRDA:44,5,1,12
BRDA:44,6,0,872
BRDA:44,6,1,860
BRDA:49,7,0,6007
BRDA:49,7,1,2426
BRF:16
BRH:16
end_of_record
TN:
SF:src\routes\graph3.js
FN:5,(anonymous_0)
FN:21,(anonymous_1)
FNF:2
FNH:2
FNDA:2,(anonymous_0)
FNDA:281,(anonymous_1)
DA:1,1
DA:2,1
DA:3,1
DA:5,1
DA:6,2
DA:7,2
DA:10,2
DA:11,1
DA:14,1
DA:17,2
DA:18,10
DA:21,281
DA:23,2
DA:24,10
DA:25,6
DA:27,10
DA:30,2
DA:33,1
LF:18
LH:18
BRDA:10,0,0,1
BRDA:10,0,1,1
BRDA:24,1,0,6
BRDA:24,1,1,4
BRF:4
BRH:4
end_of_record
TN:
SF:src\routes\graph4.js
FN:5,(anonymous_0)
FNF:1
FNH:1
FNDA:2,(anonymous_0)
DA:1,1
DA:2,1
DA:3,1
DA:5,1
DA:6,2
DA:7,2
DA:9,2
DA:10,652
DA:11,651
DA:15,2
DA:18,1
LF:11
LH:11
BRDA:10,0,0,651
BRDA:10,0,1,1
BRF:2
BRH:2
end_of_record
TN:
SF:src\routes\graph5.js
FN:5,(anonymous_0)
FNF:1
FNH:1
FNDA:2,(anonymous_0)
DA:1,1
DA:2,1
DA:3,1
DA:5,1
DA:6,2
DA:7,2
DA:9,2
DA:10,290
DA:11,289
DA:15,2
DA:18,1
LF:11
LH:11
BRDA:10,0,0,289
BRDA:10,0,1,1
BRF:2
BRH:2
end_of_record
